# JRE version: OpenJDK Runtime Environment (11.0.13) (build 11.0.13+0-b1751.21-8125866)
# Java VM: OpenJDK 64-Bit Server VM (11.0.13+0-b1751.21-8125866, mixed mode, tiered, compressed oops, g1 gc, windows-amd64)
Heap:
 garbage-first heap   total 517120K, used 267215K [0x0000000080000000, 0x0000000100000000)
  region size 1024K, 41 young (41984K), 3 survivors (3072K)
 Metaspace       used 116812K, capacity 119988K, committed 120188K, reserved 1153024K
  class space    used 14827K, capacity 16061K, committed 16076K, reserved 1048576K
GC Heap History (20 events):
Event: 83.840 GC heap before
{Heap before GC invocations=89 (full 0):
 garbage-first heap   total 232448K, used 176459K [0x0000000080000000, 0x0000000100000000)
  region size 1024K, 25 young (25600K), 2 survivors (2048K)
 Metaspace       used 103486K, capacity 105836K, committed 106108K, reserved 1140736K
  class space    used 13300K, capacity 14192K, committed 14284K, reserved 1048576K
}
Event: 83.873 GC heap after
{Heap after GC invocations=90 (full 0):
 garbage-first heap   total 315392K, used 165720K [0x0000000080000000, 0x0000000100000000)
  region size 1024K, 4 young (4096K), 4 survivors (4096K)
 Metaspace       used 103486K, capacity 105836K, committed 106108K, reserved 1140736K
  class space    used 13300K, capacity 14192K, committed 14284K, reserved 1048576K
}
Event: 84.894 GC heap before
{Heap before GC invocations=91 (full 0):
 garbage-first heap   total 315392K, used 211800K [0x0000000080000000, 0x0000000100000000)
  region size 1024K, 50 young (51200K), 4 survivors (4096K)
 Metaspace       used 103451K, capacity 105809K, committed 106108K, reserved 1140736K
  class space    used 13280K, capacity 14155K, committed 14284K, reserved 1048576K
}
Event: 84.960 GC heap after
{Heap after GC invocations=92 (full 0):
 garbage-first heap   total 315392K, used 190291K [0x0000000080000000, 0x0000000100000000)
  region size 1024K, 7 young (7168K), 7 survivors (7168K)
 Metaspace       used 103451K, capacity 105809K, committed 106108K, reserved 1140736K
  class space    used 13280K, capacity 14155K, committed 14284K, reserved 1048576K
}
Event: 86.597 GC heap before
{Heap before GC invocations=92 (full 0):
 garbage-first heap   total 315392K, used 229203K [0x0000000080000000, 0x0000000100000000)
  region size 1024K, 45 young (46080K), 7 survivors (7168K)
 Metaspace       used 106163K, capacity 108703K, committed 108796K, reserved 1142784K
  class space    used 13659K, capacity 14604K, committed 14668K, reserved 1048576K
}
Event: 86.647 GC heap after
{Heap after GC invocations=93 (full 0):
 garbage-first heap   total 315392K, used 196211K [0x0000000080000000, 0x0000000100000000)
  region size 1024K, 5 young (5120K), 5 survivors (5120K)
 Metaspace       used 106163K, capacity 108703K, committed 108796K, reserved 1142784K
  class space    used 13659K, capacity 14604K, committed 14668K, reserved 1048576K
}
Event: 87.690 GC heap before
{Heap before GC invocations=94 (full 0):
 garbage-first heap   total 315392K, used 223859K [0x0000000080000000, 0x0000000100000000)
  region size 1024K, 44 young (45056K), 5 survivors (5120K)
 Metaspace       used 106879K, capacity 109481K, committed 109692K, reserved 1144832K
  class space    used 13740K, capacity 14725K, committed 14796K, reserved 1048576K
}
Event: 87.719 GC heap after
{Heap after GC invocations=95 (full 0):
 garbage-first heap   total 315392K, used 189053K [0x0000000080000000, 0x0000000100000000)
  region size 1024K, 5 young (5120K), 5 survivors (5120K)
 Metaspace       used 106879K, capacity 109481K, committed 109692K, reserved 1144832K
  class space    used 13740K, capacity 14725K, committed 14796K, reserved 1048576K
}
Event: 87.960 GC heap before
{Heap before GC invocations=95 (full 0):
 garbage-first heap   total 315392K, used 201341K [0x0000000080000000, 0x0000000100000000)
  region size 1024K, 15 young (15360K), 5 survivors (5120K)
 Metaspace       used 106889K, capacity 109482K, committed 109692K, reserved 1144832K
  class space    used 13740K, capacity 14725K, committed 14796K, reserved 1048576K
}
Event: 88.035 GC heap after
{Heap after GC invocations=96 (full 0):
 garbage-first heap   total 517120K, used 184178K [0x0000000080000000, 0x0000000100000000)
  region size 1024K, 2 young (2048K), 2 survivors (2048K)
 Metaspace       used 106889K, capacity 109482K, committed 109692K, reserved 1144832K
  class space    used 13740K, capacity 14725K, committed 14796K, reserved 1048576K
}
Event: 91.812 GC heap before
{Heap before GC invocations=96 (full 0):
 garbage-first heap   total 517120K, used 316274K [0x0000000080000000, 0x0000000100000000)
  region size 1024K, 112 young (114688K), 2 survivors (2048K)
 Metaspace       used 107454K, capacity 110064K, committed 110332K, reserved 1144832K
  class space    used 13803K, capacity 14806K, committed 14924K, reserved 1048576K
}
Event: 91.853 GC heap after
{Heap after GC invocations=97 (full 0):
 garbage-first heap   total 517120K, used 217856K [0x0000000080000000, 0x0000000100000000)
  region size 1024K, 14 young (14336K), 14 survivors (14336K)
 Metaspace       used 107454K, capacity 110064K, committed 110332K, reserved 1144832K
  class space    used 13803K, capacity 14806K, committed 14924K, reserved 1048576K
}
Event: 165.972 GC heap before
{Heap before GC invocations=97 (full 0):
 garbage-first heap   total 517120K, used 387840K [0x0000000080000000, 0x0000000100000000)
  region size 1024K, 154 young (157696K), 14 survivors (14336K)
 Metaspace       used 111027K, capacity 113714K, committed 113788K, reserved 1148928K
  class space    used 14189K, capacity 15237K, committed 15308K, reserved 1048576K
}
Event: 166.923 GC heap after
{Heap after GC invocations=98 (full 0):
 garbage-first heap   total 517120K, used 217514K [0x0000000080000000, 0x0000000100000000)
  region size 1024K, 7 young (7168K), 7 survivors (7168K)
 Metaspace       used 111027K, capacity 113714K, committed 113788K, reserved 1148928K
  class space    used 14189K, capacity 15237K, committed 15308K, reserved 1048576K
}
Event: 170.933 GC heap before
{Heap before GC invocations=98 (full 0):
 garbage-first heap   total 517120K, used 236970K [0x0000000080000000, 0x0000000100000000)
  region size 1024K, 25 young (25600K), 7 survivors (7168K)
 Metaspace       used 111555K, capacity 114308K, committed 114556K, reserved 1148928K
  class space    used 14256K, capacity 15299K, committed 15308K, reserved 1048576K
}
Event: 171.057 GC heap after
{Heap after GC invocations=99 (full 0):
 garbage-first heap   total 517120K, used 219825K [0x0000000080000000, 0x0000000100000000)
  region size 1024K, 3 young (3072K), 3 survivors (3072K)
 Metaspace       used 111555K, capacity 114308K, committed 114556K, reserved 1148928K
  class space    used 14256K, capacity 15299K, committed 15308K, reserved 1048576K
}
Event: 172.735 GC heap before
{Heap before GC invocations=99 (full 0):
 garbage-first heap   total 517120K, used 241329K [0x0000000080000000, 0x0000000100000000)
  region size 1024K, 25 young (25600K), 3 survivors (3072K)
 Metaspace       used 113039K, capacity 115945K, committed 116220K, reserved 1150976K
  class space    used 14456K, capacity 15575K, committed 15692K, reserved 1048576K
}
Event: 172.787 GC heap after
{Heap after GC invocations=100 (full 0):
 garbage-first heap   total 517120K, used 225618K [0x0000000080000000, 0x0000000100000000)
  region size 1024K, 4 young (4096K), 4 survivors (4096K)
 Metaspace       used 113039K, capacity 115945K, committed 116220K, reserved 1150976K
  class space    used 14456K, capacity 15575K, committed 15692K, reserved 1048576K
}
Event: 174.249 GC heap before
{Heap before GC invocations=100 (full 0):
 garbage-first heap   total 517120K, used 252242K [0x0000000080000000, 0x0000000100000000)
  region size 1024K, 31 young (31744K), 4 survivors (4096K)
 Metaspace       used 116105K, capacity 119300K, committed 119420K, reserved 1153024K
  class space    used 14817K, capacity 16057K, committed 16076K, reserved 1048576K
}
Event: 174.285 GC heap after
{Heap after GC invocations=101 (full 0):
 garbage-first heap   total 517120K, used 228303K [0x0000000080000000, 0x0000000100000000)
  region size 1024K, 3 young (3072K), 3 survivors (3072K)
 Metaspace       used 116105K, capacity 119300K, committed 119420K, reserved 1153024K
  class space    used 14817K, capacity 16057K, committed 16076K, reserved 1048576K
}

